  +--------+------------------+------------------+------------------+------------------+                                                                                                     
  |        |     分布式 P50   |     分布式 P95   |     单机 P50     |     单机 P95     |                                                                                                     
  | 并发数 +------------------+------------------+------------------+------------------+                                                                                                     
  |   1    |     0.318s       |     0.429s       |     0.315s       |     0.348s       |                                                                                                     
  |   2    |     0.328s       |     0.367s       |     0.324s       |     0.414s       |                                                                                                     
  |   3    |     0.343s       |     0.397s       |     0.338s       |     0.434s       |                                                                                                     
  |   4    |     0.378s       |     0.472s       |     0.370s       |     0.441s       |                                                                                                     
  |   5    |     0.394s       |     0.514s       |     0.379s       |     0.679s       |                                                                                                     
  |   6    |     0.407s       |     0.464s       |     0.412s       |     0.559s       |                                                                                                     
  +--------+------------------+------------------+------------------+------------------+   -------------------- concurrency: 5 --------------------
2026-01-19 22:22:03 yield speech index:0, len 0.44, rtf 1.444,  cost 0.635s,  all cost time 0.635s
2026-01-19 22:22:03 yield speech index:0, len 0.44, rtf 1.476,  cost 0.650s,  all cost time 0.650s
2026-01-19 22:22:03 yield speech index:0, len 0.44, rtf 1.468,  cost 0.646s,  all cost time 0.646s
2026-01-19 22:22:03 yield speech index:0, len 0.44, rtf 1.465,  cost 0.645s,  all cost time 0.645s
2026-01-19 22:22:03 yield speech index:0, len 0.44, rtf 1.423,  cost 0.626s,  all cost time 0.626s
2026-01-19 22:22:04 yield speech index:0, len 0.44, rtf 0.689,  cost 0.303s,  all cost time 0.303s
2026-01-19 22:22:04 yield speech index:0, len 0.44, rtf 0.686,  cost 0.302s,  all cost time 0.302s
2026-01-19 22:22:04 yield speech index:0, len 0.44, rtf 0.762,  cost 0.335s,  all cost time 0.335s
2026-01-19 22:22:04 yield speech index:0, len 0.44, rtf 0.895,  cost 0.394s,  all cost time 0.394s
2026-01-19 22:22:04 yield speech index:0, len 0.44, rtf 0.890,  cost 0.392s,  all cost time 0.392s
2026-01-19 22:22:06 yield speech index:0, len 0.44, rtf 0.705,  cost 0.310s,  all cost time 0.310s
2026-01-19 22:22:06 yield speech index:0, len 0.44, rtf 0.771,  cost 0.339s,  all cost time 0.339s
2026-01-19 22:22:06 yield speech index:0, len 0.44, rtf 0.821,  cost 0.361s,  all cost time 0.361s
2026-01-19 22:22:06 yield speech index:0, len 0.44, rtf 0.866,  cost 0.381s,  all cost time 0.381s
2026-01-19 22:22:06 yield speech index:0, len 0.44, rtf 0.865,  cost 0.381s,  all cost time 0.381s
2026-01-19 22:22:07 yield speech index:0, len 0.44, rtf 0.910,  cost 0.400s,  all cost time 0.400s
2026-01-19 22:22:07 yield speech index:0, len 0.44, rtf 0.845,  cost 0.372s,  all cost time 0.372s
2026-01-19 22:22:07 yield speech index:0, len 0.44, rtf 0.800,  cost 0.352s,  all cost time 0.352s
2026-01-19 22:22:07 yield speech index:0, len 0.44, rtf 0.839,  cost 0.369s,  all cost time 0.369s
2026-01-19 22:22:08 yield speech index:0, len 0.44, rtf 0.984,  cost 0.433s,  all cost time 0.433s

+------------+------------+------------+------------+------------+------------+
| 并发数     | 请求数     | P50(s)     | P95(s)     | 最小(s)    | 最大(s)    |
+------------+------------+------------+------------+------------+------------+
| 5          | 19         | 0.381      | 0.650      | 0.302      | 0.650      |
+------------+------------+------------+------------+------------+------------+
